2024-09-10 18:13:56 [background-preinit] INFO  o.h.validator.internal.util.Version - HV000001: Hibernate Validator 8.0.1.Final
2024-09-10 18:13:56 [restartedMain] INFO  c.j.project.ProjectApplication - Starting ProjectApplication using Java 17.0.12 with PID 5756 (C:\Users\Kadir\Desktop\Jekirdek\project\target\classes started by Kadir in C:\Users\Kadir\Desktop\Jekirdek)
2024-09-10 18:13:56 [restartedMain] INFO  c.j.project.ProjectApplication - No active profile set, falling back to 1 default profile: "default"
2024-09-10 18:13:57 [restartedMain] INFO  o.s.b.d.e.DevToolsPropertyDefaultsPostProcessor - Devtools property defaults active! Set 'spring.devtools.add-properties' to 'false' to disable
2024-09-10 18:13:57 [restartedMain] INFO  o.s.b.d.e.DevToolsPropertyDefaultsPostProcessor - For additional web related logging consider setting the 'logging.level.web' property to 'DEBUG'
2024-09-10 18:13:58 [restartedMain] INFO  o.s.d.r.c.RepositoryConfigurationDelegate - Bootstrapping Spring Data JPA repositories in DEFAULT mode.
2024-09-10 18:13:58 [restartedMain] INFO  o.s.d.r.c.RepositoryConfigurationDelegate - Finished Spring Data repository scanning in 73 ms. Found 2 JPA repository interfaces.
2024-09-10 18:13:59 [restartedMain] INFO  o.s.b.w.e.tomcat.TomcatWebServer - Tomcat initialized with port 8000 (http)
2024-09-10 18:13:59 [restartedMain] INFO  o.a.coyote.http11.Http11NioProtocol - Initializing ProtocolHandler ["http-nio-8000"]
2024-09-10 18:13:59 [restartedMain] INFO  o.a.catalina.core.StandardService - Starting service [Tomcat]
2024-09-10 18:13:59 [restartedMain] INFO  o.a.catalina.core.StandardEngine - Starting Servlet engine: [Apache Tomcat/10.1.28]
2024-09-10 18:13:59 [restartedMain] INFO  o.a.c.c.C.[Tomcat].[localhost].[/] - Initializing Spring embedded WebApplicationContext
2024-09-10 18:13:59 [restartedMain] INFO  o.s.b.w.s.c.ServletWebServerApplicationContext - Root WebApplicationContext: initialization completed in 2202 ms
2024-09-10 18:13:59 [restartedMain] WARN  o.s.aop.framework.CglibAopProxy - Unable to proxy interface-implementing method [public final void org.springframework.web.filter.OncePerRequestFilter.doFilter(jakarta.servlet.ServletRequest,jakarta.servlet.ServletResponse,jakarta.servlet.FilterChain) throws jakarta.servlet.ServletException,java.io.IOException] because it is marked as final, consider using interface-based JDK proxies instead.
2024-09-10 18:13:59 [restartedMain] WARN  o.s.aop.framework.CglibAopProxy - Unable to proxy interface-implementing method [public final void org.springframework.web.filter.GenericFilterBean.init(jakarta.servlet.FilterConfig) throws jakarta.servlet.ServletException] because it is marked as final, consider using interface-based JDK proxies instead.
2024-09-10 18:13:59 [restartedMain] INFO  o.h.jpa.internal.util.LogHelper - HHH000204: Processing PersistenceUnitInfo [name: default]
2024-09-10 18:13:59 [restartedMain] INFO  org.hibernate.Version - HHH000412: Hibernate ORM core version 6.5.2.Final
2024-09-10 18:13:59 [restartedMain] INFO  o.h.c.i.RegionFactoryInitiator - HHH000026: Second-level cache disabled
2024-09-10 18:14:00 [restartedMain] INFO  o.s.o.j.p.SpringPersistenceUnitInfo - No LoadTimeWeaver setup: ignoring JPA class transformer
2024-09-10 18:14:00 [restartedMain] INFO  com.zaxxer.hikari.HikariDataSource - HikariPool-1 - Starting...
2024-09-10 18:14:00 [restartedMain] INFO  com.zaxxer.hikari.pool.HikariPool - HikariPool-1 - Added connection com.mysql.cj.jdbc.ConnectionImpl@6b8a35a7
2024-09-10 18:14:00 [restartedMain] INFO  com.zaxxer.hikari.HikariDataSource - HikariPool-1 - Start completed.
2024-09-10 18:14:00 [restartedMain] WARN  org.hibernate.orm.deprecation - HHH90000025: MySQL8Dialect does not need to be specified explicitly using 'hibernate.dialect' (remove the property setting and it will be selected by default)
2024-09-10 18:14:00 [restartedMain] WARN  org.hibernate.orm.deprecation - HHH90000026: MySQL8Dialect has been deprecated; use org.hibernate.dialect.MySQLDialect instead
2024-09-10 18:14:01 [restartedMain] INFO  o.h.e.t.j.p.i.JtaPlatformInitiator - HHH000489: No JTA platform available (set 'hibernate.transaction.jta.platform' to enable JTA platform integration)
2024-09-10 18:14:01 [restartedMain] INFO  o.s.o.j.LocalContainerEntityManagerFactoryBean - Initialized JPA EntityManagerFactory for persistence unit 'default'
2024-09-10 18:14:02 [restartedMain] WARN  o.s.b.a.o.j.JpaBaseConfiguration$JpaWebConfiguration - spring.jpa.open-in-view is enabled by default. Therefore, database queries may be performed during view rendering. Explicitly configure spring.jpa.open-in-view to disable this warning
2024-09-10 18:14:02 [restartedMain] INFO  o.s.s.c.a.a.c.InitializeUserDetailsBeanManagerConfigurer$InitializeUserDetailsManagerConfigurer - Global AuthenticationManager configured with UserDetailsService bean with name userServiceImpl
2024-09-10 18:14:03 [restartedMain] INFO  o.s.b.d.a.OptionalLiveReloadServer - LiveReload server is running on port 35729
2024-09-10 18:14:03 [restartedMain] INFO  o.a.coyote.http11.Http11NioProtocol - Starting ProtocolHandler ["http-nio-8000"]
2024-09-10 18:14:03 [restartedMain] INFO  o.s.b.w.e.tomcat.TomcatWebServer - Tomcat started on port 8000 (http) with context path '/'
2024-09-10 18:14:03 [restartedMain] INFO  c.j.project.ProjectApplication - Started ProjectApplication in 6.615 seconds (process running for 7.421)
2024-09-10 18:14:17 [http-nio-8000-exec-1] INFO  o.a.c.c.C.[Tomcat].[localhost].[/] - Initializing Spring DispatcherServlet 'dispatcherServlet'
2024-09-10 18:14:17 [http-nio-8000-exec-1] INFO  o.s.web.servlet.DispatcherServlet - Initializing Servlet 'dispatcherServlet'
2024-09-10 18:14:17 [http-nio-8000-exec-1] INFO  o.s.web.servlet.DispatcherServlet - Completed initialization in 1 ms
2024-09-10 18:14:17 [http-nio-8000-exec-1] DEBUG org.hibernate.SQL - select u1_0.id,u1_0.created_at,u1_0.password,u1_0.role,u1_0.updated_at,u1_0.username from user u1_0 where u1_0.username=?
2024-09-10 18:14:17 [http-nio-8000-exec-1] TRACE org.hibernate.orm.jdbc.bind - binding parameter (1:VARCHAR) <- [Kadir]
2024-09-10 18:14:17 [http-nio-8000-exec-1] DEBUG org.hibernate.SQL - select u1_0.id,u1_0.created_at,u1_0.password,u1_0.role,u1_0.updated_at,u1_0.username from user u1_0 where u1_0.username=?
2024-09-10 18:14:17 [http-nio-8000-exec-1] TRACE org.hibernate.orm.jdbc.bind - binding parameter (1:VARCHAR) <- [Kadir]
2024-09-10 18:14:17 [http-nio-8000-exec-1] DEBUG org.hibernate.SQL - select c1_0.id,c1_0.email,c1_0.first_name,c1_0.last_name,c1_0.region,c1_0.registration_date,c1_0.user_id from customer c1_0 where c1_0.user_id=?
2024-09-10 18:14:17 [http-nio-8000-exec-1] TRACE org.hibernate.orm.jdbc.bind - binding parameter (1:INTEGER) <- [2]
2024-09-10 18:14:17 [http-nio-8000-exec-1] INFO  c.j.p.Service.CustomerServiceImpl - Retrieved 8 customers for user ID: 2
2024-09-10 18:15:49 [http-nio-8000-exec-4] DEBUG org.hibernate.SQL - select u1_0.id,u1_0.created_at,u1_0.password,u1_0.role,u1_0.updated_at,u1_0.username from user u1_0 where u1_0.username=?
2024-09-10 18:15:49 [http-nio-8000-exec-4] TRACE org.hibernate.orm.jdbc.bind - binding parameter (1:VARCHAR) <- [Kadir]
2024-09-10 18:15:49 [http-nio-8000-exec-4] DEBUG org.hibernate.SQL - select c1_0.id,c1_0.email,c1_0.first_name,c1_0.last_name,c1_0.region,c1_0.registration_date,c1_0.user_id from customer c1_0 where c1_0.email=?
2024-09-10 18:15:49 [http-nio-8000-exec-4] TRACE org.hibernate.orm.jdbc.bind - binding parameter (1:VARCHAR) <- [kadiraydn02@gmail.com]
2024-09-10 18:15:49 [http-nio-8000-exec-4] WARN  c.j.p.Service.CustomerServiceImpl - No customer found with email: kadiraydn02@gmail.com
2024-09-10 18:15:49 [http-nio-8000-exec-4] DEBUG org.hibernate.SQL - select u1_0.id,u1_0.created_at,u1_0.password,u1_0.role,u1_0.updated_at,u1_0.username from user u1_0 where u1_0.id=?
2024-09-10 18:15:49 [http-nio-8000-exec-4] TRACE org.hibernate.orm.jdbc.bind - binding parameter (1:INTEGER) <- [2]
2024-09-10 18:15:49 [http-nio-8000-exec-4] DEBUG org.hibernate.SQL - insert into customer (email,first_name,last_name,region,registration_date,user_id) values (?,?,?,?,?,?)
2024-09-10 18:15:49 [http-nio-8000-exec-4] TRACE org.hibernate.orm.jdbc.bind - binding parameter (1:VARCHAR) <- [kadiraydn02@gmail.com]
2024-09-10 18:15:49 [http-nio-8000-exec-4] TRACE org.hibernate.orm.jdbc.bind - binding parameter (2:VARCHAR) <- [Abdülkadir]
2024-09-10 18:15:49 [http-nio-8000-exec-4] TRACE org.hibernate.orm.jdbc.bind - binding parameter (3:VARCHAR) <- [Aydın]
2024-09-10 18:15:49 [http-nio-8000-exec-4] TRACE org.hibernate.orm.jdbc.bind - binding parameter (4:VARCHAR) <- [istanbul]
2024-09-10 18:15:49 [http-nio-8000-exec-4] TRACE org.hibernate.orm.jdbc.bind - binding parameter (5:TIMESTAMP) <- [2024-09-10T18:15:49.297038900]
2024-09-10 18:15:49 [http-nio-8000-exec-4] TRACE org.hibernate.orm.jdbc.bind - binding parameter (6:INTEGER) <- [2]
2024-09-10 18:15:49 [http-nio-8000-exec-4] INFO  c.j.p.Service.CustomerServiceImpl - Created new customer with ID: 21
2024-09-10 18:15:49 [http-nio-8000-exec-5] DEBUG org.hibernate.SQL - select u1_0.id,u1_0.created_at,u1_0.password,u1_0.role,u1_0.updated_at,u1_0.username from user u1_0 where u1_0.username=?
2024-09-10 18:15:49 [http-nio-8000-exec-5] TRACE org.hibernate.orm.jdbc.bind - binding parameter (1:VARCHAR) <- [Kadir]
2024-09-10 18:15:49 [http-nio-8000-exec-5] DEBUG org.hibernate.SQL - select u1_0.id,u1_0.created_at,u1_0.password,u1_0.role,u1_0.updated_at,u1_0.username from user u1_0 where u1_0.username=?
2024-09-10 18:15:49 [http-nio-8000-exec-5] TRACE org.hibernate.orm.jdbc.bind - binding parameter (1:VARCHAR) <- [Kadir]
2024-09-10 18:15:49 [http-nio-8000-exec-5] DEBUG org.hibernate.SQL - select c1_0.id,c1_0.email,c1_0.first_name,c1_0.last_name,c1_0.region,c1_0.registration_date,c1_0.user_id from customer c1_0 where c1_0.user_id=?
2024-09-10 18:15:49 [http-nio-8000-exec-5] TRACE org.hibernate.orm.jdbc.bind - binding parameter (1:INTEGER) <- [2]
2024-09-10 18:15:49 [http-nio-8000-exec-5] INFO  c.j.p.Service.CustomerServiceImpl - Retrieved 9 customers for user ID: 2
2024-09-10 18:22:09 [http-nio-8000-exec-8] DEBUG org.hibernate.SQL - select u1_0.id,u1_0.created_at,u1_0.password,u1_0.role,u1_0.updated_at,u1_0.username from user u1_0 where u1_0.username=?
2024-09-10 18:22:09 [http-nio-8000-exec-8] TRACE org.hibernate.orm.jdbc.bind - binding parameter (1:VARCHAR) <- [Kadir]
2024-09-10 18:22:09 [http-nio-8000-exec-8] DEBUG org.hibernate.SQL - select c1_0.id,c1_0.email,c1_0.first_name,c1_0.last_name,c1_0.region,c1_0.registration_date,c1_0.user_id from customer c1_0
2024-09-10 18:22:09 [http-nio-8000-exec-8] DEBUG org.hibernate.SQL - select u1_0.id,u1_0.created_at,u1_0.password,u1_0.role,u1_0.updated_at,u1_0.username from user u1_0 where u1_0.id=?
2024-09-10 18:22:09 [http-nio-8000-exec-8] TRACE org.hibernate.orm.jdbc.bind - binding parameter (1:INTEGER) <- [3]
2024-09-10 18:22:09 [http-nio-8000-exec-8] DEBUG org.hibernate.SQL - select u1_0.id,u1_0.created_at,u1_0.password,u1_0.role,u1_0.updated_at,u1_0.username from user u1_0 where u1_0.id=?
2024-09-10 18:22:09 [http-nio-8000-exec-8] TRACE org.hibernate.orm.jdbc.bind - binding parameter (1:INTEGER) <- [2]
2024-09-10 18:22:09 [http-nio-8000-exec-8] INFO  c.j.p.Service.CustomerServiceImpl - Filtered customers based on criteria - FirstName: Kaan, Email: null, Region: null. Total count: 2
